Using pre-set license
Built from '2020.3/release' branch; Version is '2020.3.2f1 (8fd9074bf66c) revision 9427207'; Using compiler version '192528614'; Build Type 'Release'
OS: 'Windows 10 Pro; OS build 19042.1052; Version 2009; 64bit' Language: 'fr' Physical Memory: 16336 MB
BatchMode: 1, IsHumanControllingUs: 0, StartBugReporterOnCrash: 0, Is64bit: 1, IsPro: 0

 COMMAND LINE ARGUMENTS:
C:\Program Files\Unity\Hub\Editor\2020.3.2f1\Editor\Unity.exe
-adb2
-batchMode
-noUpm
-name
AssetImportWorker0
-projectPath
E:/GitHub/EditorToolbox
-logFile
Logs/AssetImportWorker0.log
-srvPort
62246
Successfully changed project path to: E:/GitHub/EditorToolbox
E:/GitHub/EditorToolbox
Using Asset Import Pipeline V2.
Refreshing native plugins compatible for Editor in 28.74 ms, found 0 plugins.
Preloading 0 native plugins for Editor in 0.00 ms.
Initialize engine version: 2020.3.2f1 (8fd9074bf66c)
[Subsystems] Discovering subsystems at path C:/Program Files/Unity/Hub/Editor/2020.3.2f1/Editor/Data/Resources/UnitySubsystems
[Subsystems] Discovering subsystems at path E:/GitHub/EditorToolbox/Assets
GfxDevice: creating device client; threaded=0
Direct3D:
    Version:  Direct3D 11.0 [level 11.1]
    Renderer: NVIDIA GeForce GTX 970 (ID=0x13c2)
    Vendor:   
    VRAM:     4043 MB
    Driver:   27.21.14.6589
Initialize mono
Mono path[0] = 'C:/Program Files/Unity/Hub/Editor/2020.3.2f1/Editor/Data/Managed'
Mono path[1] = 'C:/Program Files/Unity/Hub/Editor/2020.3.2f1/Editor/Data/MonoBleedingEdge/lib/mono/unityjit'
Mono config path = 'C:/Program Files/Unity/Hub/Editor/2020.3.2f1/Editor/Data/MonoBleedingEdge/etc'
Using monoOptions --debugger-agent=transport=dt_socket,embedding=1,server=y,suspend=n,address=127.0.0.1:56436
Begin MonoManager ReloadAssembly
Registering precompiled unity dll's ...
Register platform support module: C:/Program Files/Unity/Hub/Editor/2020.3.2f1/Editor/Data/PlaybackEngines/WebGLSupport/UnityEditor.WebGL.Extensions.dll
Register platform support module: C:/Program Files/Unity/Hub/Editor/2020.3.2f1/Editor/Data/PlaybackEngines/WindowsStandaloneSupport/UnityEditor.WindowsStandalone.Extensions.dll
Registered in 0.002801 seconds.
Native extension for WindowsStandalone target not found
Native extension for WebGL target not found
Refreshing native plugins compatible for Editor in 29.14 ms, found 0 plugins.
Preloading 0 native plugins for Editor in 0.00 ms.
Invoked RoslynAnalysisRunner static constructor.
RoslynAnalysisRunner will not be running.
RoslynAnalysisRunner has terminated.
Mono: successfully reloaded assembly
- Completed reload, in  2.197 seconds
Platform modules already initialized, skipping
Registering precompiled user dll's ...
Registered in 0.001388 seconds.
Begin MonoManager ReloadAssembly
Native extension for WindowsStandalone target not found
Native extension for WebGL target not found
Refreshing native plugins compatible for Editor in 0.27 ms, found 0 plugins.
Preloading 0 native plugins for Editor in 0.00 ms.
Invoked RoslynAnalysisRunner static constructor.
RoslynAnalysisRunner will not be running.
RoslynAnalysisRunner has terminated.
Mono: successfully reloaded assembly
- Completed reload, in  0.962 seconds
Platform modules already initialized, skipping
========================================================================
Worker process is ready to serve import requests
Launched and connected shader compiler UnityShaderCompiler.exe after 0.09 seconds
Refreshing native plugins compatible for Editor in 0.25 ms, found 0 plugins.
Preloading 0 native plugins for Editor in 0.00 ms.
Unloading 1202 Unused Serialized files (Serialized files now loaded: 0)
System memory in use before: 59.8 MB.
System memory in use after: 59.8 MB.

Unloading 11 unused Assets to reduce memory usage. Loaded Objects now: 1653.
Total: 1.832400 ms (FindLiveObjects: 0.164800 ms CreateObjectMapping: 0.054900 ms MarkObjects: 1.519300 ms  DeleteObjects: 0.092400 ms)

========================================================================
Received Import Request.
  path: Assets/KevinCastejon/EditorToolbox/Modules/Automatization/CustomPropertyDrawerGenerator/Editor/CustomPropertyDrawerGenerator.cs
  artifactKey: Guid(ae3817d954965ec44877dba8e9f227ec) Importer(815301076,1909f56bfc062723c751e8b465ee728b)
Start importing Assets/KevinCastejon/EditorToolbox/Modules/Automatization/CustomPropertyDrawerGenerator/Editor/CustomPropertyDrawerGenerator.cs using Guid(ae3817d954965ec44877dba8e9f227ec) Importer(815301076,1909f56bfc062723c751e8b465ee728b)  -> (artifact id: '0e0f302ed9b3ef5921cf9ec80b9638d2') in 0.039715 seconds
  Import took 0.068293 seconds .

========================================================================
Received Prepare
Registering precompiled user dll's ...
Registered in 0.003257 seconds.
Begin MonoManager ReloadAssembly
Native extension for WindowsStandalone target not found
Native extension for WebGL target not found
Refreshing native plugins compatible for Editor in 0.24 ms, found 0 plugins.
Preloading 0 native plugins for Editor in 0.00 ms.
Invoked RoslynAnalysisRunner static constructor.
RoslynAnalysisRunner will not be running.
RoslynAnalysisRunner has terminated.
Mono: successfully reloaded assembly
- Completed reload, in  0.868 seconds
Platform modules already initialized, skipping
Refreshing native plugins compatible for Editor in 0.25 ms, found 0 plugins.
Preloading 0 native plugins for Editor in 0.00 ms.
Unloading 1197 Unused Serialized files (Serialized files now loaded: 0)
System memory in use before: 59.7 MB.
System memory in use after: 59.8 MB.

Unloading 6 unused Assets to reduce memory usage. Loaded Objects now: 1656.
Total: 1.881600 ms (FindLiveObjects: 0.161000 ms CreateObjectMapping: 0.046800 ms MarkObjects: 1.589200 ms  DeleteObjects: 0.083800 ms)

========================================================================
Received Import Request.
  Time since last request: 120.256288 seconds.
  path: Assets/KevinCastejon/EditorToolbox/Modules/Automatization/AnimationGenerator/Editor/SpriteSheetConfiguration.cs
  artifactKey: Guid(e6a7a10f3487376438299abc337bc495) Importer(815301076,1909f56bfc062723c751e8b465ee728b)
Start importing Assets/KevinCastejon/EditorToolbox/Modules/Automatization/AnimationGenerator/Editor/SpriteSheetConfiguration.cs using Guid(e6a7a10f3487376438299abc337bc495) Importer(815301076,1909f56bfc062723c751e8b465ee728b)  -> (artifact id: '2a3fb2ffd609697e67b0e49b10bbaee8') in 0.023212 seconds
  Import took 0.025879 seconds .

========================================================================
Received Prepare
Registering precompiled user dll's ...
Registered in 0.001209 seconds.
Begin MonoManager ReloadAssembly
Native extension for WindowsStandalone target not found
Native extension for WebGL target not found
Refreshing native plugins compatible for Editor in 0.24 ms, found 0 plugins.
Preloading 0 native plugins for Editor in 0.00 ms.
Invoked RoslynAnalysisRunner static constructor.
RoslynAnalysisRunner will not be running.
RoslynAnalysisRunner has terminated.
Mono: successfully reloaded assembly
- Completed reload, in  0.928 seconds
Platform modules already initialized, skipping
Refreshing native plugins compatible for Editor in 0.28 ms, found 0 plugins.
Preloading 0 native plugins for Editor in 0.00 ms.
Unloading 1197 Unused Serialized files (Serialized files now loaded: 0)
System memory in use before: 59.7 MB.
System memory in use after: 59.8 MB.

Unloading 6 unused Assets to reduce memory usage. Loaded Objects now: 1659.
Total: 1.777600 ms (FindLiveObjects: 0.157000 ms CreateObjectMapping: 0.034400 ms MarkObjects: 1.491100 ms  DeleteObjects: 0.093700 ms)

========================================================================
Received Import Request.
  Time since last request: 149.937964 seconds.
  path: Assets/KevinCastejon/EditorToolbox/Modules/Automatization/AnimationGenerator/Editor/SpriteSheetConfiguration.cs
  artifactKey: Guid(e6a7a10f3487376438299abc337bc495) Importer(815301076,1909f56bfc062723c751e8b465ee728b)
Start importing Assets/KevinCastejon/EditorToolbox/Modules/Automatization/AnimationGenerator/Editor/SpriteSheetConfiguration.cs using Guid(e6a7a10f3487376438299abc337bc495) Importer(815301076,1909f56bfc062723c751e8b465ee728b)  -> (artifact id: '78e6c26c4321cf0a433c2143f1815335') in 0.008149 seconds
  Import took 0.025377 seconds .

AssetImportWorkerClient::OnTransportError - code=2 error=End of file
